c:\users\luyon\desktop\3500\assignment_2\assign2\displaymodule\debug\vc142.pdb
c:\users\luyon\desktop\3500\assignment_2\assign2\displaymodule\debug\smobject.obj
c:\users\luyon\desktop\3500\assignment_2\assign2\displaymodule\debug\vehicle.obj
c:\users\luyon\desktop\3500\assignment_2\assign2\displaymodule\debug\vectormaths.obj
c:\users\luyon\desktop\3500\assignment_2\assign2\displaymodule\debug\shape.obj
c:\users\luyon\desktop\3500\assignment_2\assign2\displaymodule\debug\quaternion.obj
c:\users\luyon\desktop\3500\assignment_2\assign2\displaymodule\debug\myvehicle.obj
c:\users\luyon\desktop\3500\assignment_2\assign2\displaymodule\debug\messages.obj
c:\users\luyon\desktop\3500\assignment_2\assign2\displaymodule\debug\main.obj
c:\users\luyon\desktop\3500\assignment_2\assign2\displaymodule\debug\keymanager.obj
c:\users\luyon\desktop\3500\assignment_2\assign2\displaymodule\debug\hud.obj
c:\users\luyon\desktop\3500\assignment_2\assign2\displaymodule\debug\ground.obj
c:\users\luyon\desktop\3500\assignment_2\assign2\displaymodule\debug\frustum.obj
c:\users\luyon\desktop\3500\assignment_2\assign2\displaymodule\debug\camera.obj
c:\users\luyon\desktop\3500\assignment_2\assign2\displaymodule\debug\.netframework,version=v4.7.2.assemblyattributes.obj
c:\users\luyon\desktop\3500\assignment_2\assign2\displaymodule\debug\.netframework,version=v4.7.2.assemblyattributes.asm
c:\users\luyon\desktop\3500\assignment_2\assign2\executable\displaymodule.exe
c:\users\luyon\desktop\3500\assignment_2\assign2\executable\displaymodule.pdb
c:\users\luyon\desktop\3500\assignment_2\assign2\displaymodule\..\executable\displaymodule.exe
c:\users\luyon\desktop\3500\assignment_2\assign2\displaymodule\debug\displaymodule.tlog\cl.command.1.tlog
c:\users\luyon\desktop\3500\assignment_2\assign2\displaymodule\debug\displaymodule.tlog\cl.read.1.tlog
c:\users\luyon\desktop\3500\assignment_2\assign2\displaymodule\debug\displaymodule.tlog\cl.write.1.tlog
c:\users\luyon\desktop\3500\assignment_2\assign2\displaymodule\debug\displaymodule.tlog\link.command.1.tlog
c:\users\luyon\desktop\3500\assignment_2\assign2\displaymodule\debug\displaymodule.tlog\link.read.1.tlog
c:\users\luyon\desktop\3500\assignment_2\assign2\displaymodule\debug\displaymodule.tlog\link.write.1.tlog
c:\users\luyon\desktop\3500\assignment_2\assign2\displaymodule\debug\displaymodule.tlog\metagen.read.1.tlog
c:\users\luyon\desktop\3500\assignment_2\assign2\displaymodule\debug\displaymodule.tlog\metagen.write.1.tlog
